0 info it worked if it ends with ok
1 verbose cli [ 'node', '/usr/local/bin/npm', 'run', 'eslint' ]
2 info using npm@2.10.1
3 info using node@v0.12.4
4 verbose run-script [ 'preeslint', 'eslint', 'posteslint' ]
5 info preeslint @
6 info eslint @
7 verbose unsafe-perm in lifecycle true
8 info @ Failed to exec eslint script
9 verbose stack Error: @ eslint: `eslint . --ext .js --ext .jsx`
9 verbose stack Exit status 1
9 verbose stack     at EventEmitter.<anonymous> (/usr/local/lib/node_modules/npm/lib/utils/lifecycle.js:213:16)
9 verbose stack     at EventEmitter.emit (events.js:110:17)
9 verbose stack     at ChildProcess.<anonymous> (/usr/local/lib/node_modules/npm/lib/utils/spawn.js:24:14)
9 verbose stack     at ChildProcess.emit (events.js:110:17)
9 verbose stack     at maybeClose (child_process.js:1015:16)
9 verbose stack     at Process.ChildProcess._handle.onexit (child_process.js:1087:5)
10 verbose pkgid @
11 verbose cwd /Users/will/Projects/toolmaking-with-asts/code/todomvc
12 error Darwin 13.4.0
13 error argv "node" "/usr/local/bin/npm" "run" "eslint"
14 error node v0.12.4
15 error npm  v2.10.1
16 error code ELIFECYCLE
17 error @ eslint: `eslint . --ext .js --ext .jsx`
17 error Exit status 1
18 error Failed at the @ eslint script 'eslint . --ext .js --ext .jsx'.
18 error This is most likely a problem with the  package,
18 error not with npm itself.
18 error Tell the author that this fails on your system:
18 error     eslint . --ext .js --ext .jsx
18 error You can get their info via:
18 error     npm owner ls
18 error There is likely additional logging output above.
19 verbose exit [ 1, true ]
